<?xml version="1.0" encoding="UTF-8"?>
<!-- Generated by org.testng.reporters.JUnitXMLReporter -->
<testsuite hostname="LAPTOP-0IBD1NEI" ignored="5" name="Default test" tests="1" failures="0" timestamp="18 Nov 2020 07:20:40 GMT" time="28.826" errors="0">
  <testcase name="changepassTest" time="17.876" classname="org.sbn.Sbn_TestClass"/>
  <testcase name="registerTest" time="0.0" classname="org.sbn.Sbn_TestClass">
    <ignored/>
  </testcase> <!-- registerTest -->
  <testcase name="AddProfileTest" time="0.0" classname="org.sbn.Sbn_TestClass">
    <ignored/>
  </testcase> <!-- AddProfileTest -->
  <testcase name="viewAlbum" time="0.0" classname="org.sbn.Sbn_TestClass">
    <ignored/>
  </testcase> <!-- viewAlbum -->
  <testcase name="createpostTest" time="0.0" classname="org.sbn.Sbn_TestClass">
    <ignored/>
  </testcase> <!-- createpostTest -->
  <testcase name="loginTest" time="0.0" classname="org.sbn.Sbn_TestClass">
    <ignored/>
  </testcase> <!-- loginTest -->
</testsuite> <!-- Default test -->
